Performing C SOURCE FILE Test CMAKE_HAVE_LIBC_PTHREAD failed with the following output:
Change Dir: /Users/arminbalesic/Library/Mobile Documents/com~apple~CloudDocs/2023-group-06/cmake-build-debug/CMakeFiles/CMakeScratch/TryCompile-WfNKaP

Run Build Command(s):/Applications/CLion.app/Contents/bin/ninja/mac/ninja cmTC_93068 && [1/2] Building C object CMakeFiles/cmTC_93068.dir/src.c.o
[2/2] Linking C executable cmTC_93068
FAILED: cmTC_93068 
: && /Library/Developer/CommandLineTools/usr/bin/cc -arch arm64 -isysroot /Library/Developer/CommandLineTools/SDKs/MacOSX13.3.sdk -Wl,-search_paths_first -Wl,-headerpad_max_install_names -static-libgcc -static-libstdc++ CMakeFiles/cmTC_93068.dir/src.c.o -o cmTC_93068   && :
clang: error: unsupported option '-static-libgcc'
ninja: build stopped: subcommand failed.


Source file was:
#include <pthread.h>

static void* test_func(void* data)
{
  return data;
}

int main(void)
{
  pthread_t thread;
  pthread_create(&thread, NULL, test_func, NULL);
  pthread_detach(thread);
  pthread_cancel(thread);
  pthread_join(thread, NULL);
  pthread_atfork(NULL, NULL, NULL);
  pthread_exit(NULL);

  return 0;
}


Determining if the function pthread_create exists in the pthreads failed with the following output:
Change Dir: /Users/arminbalesic/Library/Mobile Documents/com~apple~CloudDocs/2023-group-06/cmake-build-debug/CMakeFiles/CMakeScratch/TryCompile-T9ddn7

Run Build Command(s):/Applications/CLion.app/Contents/bin/ninja/mac/ninja cmTC_7ff88 && [1/2] Building C object CMakeFiles/cmTC_7ff88.dir/CheckFunctionExists.c.o
[2/2] Linking C executable cmTC_7ff88
FAILED: cmTC_7ff88 
: && /Library/Developer/CommandLineTools/usr/bin/cc -DCHECK_FUNCTION_EXISTS=pthread_create -arch arm64 -isysroot /Library/Developer/CommandLineTools/SDKs/MacOSX13.3.sdk -Wl,-search_paths_first -Wl,-headerpad_max_install_names -static-libgcc -static-libstdc++ CMakeFiles/cmTC_7ff88.dir/CheckFunctionExists.c.o -o cmTC_7ff88  -lpthreads && :
clang: error: unsupported option '-static-libgcc'
ninja: build stopped: subcommand failed.



Determining if the function pthread_create exists in the pthread failed with the following output:
Change Dir: /Users/arminbalesic/Library/Mobile Documents/com~apple~CloudDocs/2023-group-06/cmake-build-debug/CMakeFiles/CMakeScratch/TryCompile-rpV8Us

Run Build Command(s):/Applications/CLion.app/Contents/bin/ninja/mac/ninja cmTC_a3788 && [1/2] Building C object CMakeFiles/cmTC_a3788.dir/CheckFunctionExists.c.o
[2/2] Linking C executable cmTC_a3788
FAILED: cmTC_a3788 
: && /Library/Developer/CommandLineTools/usr/bin/cc -DCHECK_FUNCTION_EXISTS=pthread_create -arch arm64 -isysroot /Library/Developer/CommandLineTools/SDKs/MacOSX13.3.sdk -Wl,-search_paths_first -Wl,-headerpad_max_install_names -static-libgcc -static-libstdc++ CMakeFiles/cmTC_a3788.dir/CheckFunctionExists.c.o -o cmTC_a3788  -lpthread && :
clang: error: unsupported option '-static-libgcc'
ninja: build stopped: subcommand failed.



